#
# There is insufficient memory for the Java Runtime Environment to continue.
# Native memory allocation (malloc) failed to allocate 240976 bytes for Chunk::new
# Possible reasons:
#   The system is out of physical RAM or swap space
#   In 32 bit mode, the process size limit was hit
# Possible solutions:
#   Reduce memory load on the system
#   Increase physical memory or swap space
#   Check if swap backing store is full
#   Use 64 bit Java on a 64 bit OS
#   Decrease Java heap size (-Xmx/-Xms)
#   Decrease number of Java threads
#   Decrease Java thread stack sizes (-Xss)
#   Set larger code cache with -XX:ReservedCodeCacheSize=
# This output file may be truncated or incomplete.
#
#  Out of Memory Error (allocation.cpp:390), pid=3592, tid=0x0000000000001e8c
#
# JRE version: OpenJDK Runtime Environment (8.0_76-b03) (build 1.8.0_76-release-b03)
# Java VM: OpenJDK 64-Bit Server VM (25.76-b03 mixed mode windows-amd64 compressed oops)
# Failed to write core dump. Minidumps are not enabled by default on client versions of Windows
#

---------------  T H R E A D  ---------------

Current thread (0x000000001784a800):  JavaThread "C2 CompilerThread1" daemon [_thread_in_native, id=7820, stack(0x0000000018fa0000,0x00000000190a0000)]

Stack: [0x0000000018fa0000,0x00000000190a0000]
[error occurred during error reporting (printing stack bounds), id 0xc0000005]

Native frames: (J=compiled Java code, j=interpreted, Vv=VM code, C=native code)


Current CompileTask:
C2:    497  368       4       com.android.dx.cf.direct.StdAttributeFactory::parse0 (532 bytes)


---------------  P R O C E S S  ---------------

Java Threads: ( => current thread )
  0x00000000191c8800 JavaThread "Service Thread" daemon [_thread_blocked, id=14672, stack(0x00000000195a0000,0x00000000196a0000)]
  0x000000001784f800 JavaThread "C1 CompilerThread2" daemon [_thread_in_native, id=12208, stack(0x00000000190a0000,0x00000000191a0000)]
=>0x000000001784a800 JavaThread "C2 CompilerThread1" daemon [_thread_in_native, id=7820, stack(0x0000000018fa0000,0x00000000190a0000)]
  0x0000000017848800 JavaThread "C2 CompilerThread0" daemon [_thread_in_native, id=11516, stack(0x0000000018ea0000,0x0000000018fa0000)]
  0x0000000017859000 JavaThread "Attach Listener" daemon [_thread_blocked, id=4596, stack(0x0000000018da0000,0x0000000018ea0000)]
  0x0000000017855800 JavaThread "Signal Dispatcher" daemon [_thread_blocked, id=7088, stack(0x0000000018ca0000,0x0000000018da0000)]
  0x0000000017838800 JavaThread "Finalizer" daemon [_thread_blocked, id=14056, stack(0x0000000018ab0000,0x0000000018bb0000)]
  0x0000000002d21800 JavaThread "Reference Handler" daemon [_thread_blocked, id=13064, stack(0x00000000189b0000,0x0000000018ab0000)]
  0x0000000002b2d800 JavaThread "main" [_thread_in_native, id=8048, stack(0x0000000002b30000,0x0000000002c30000)]

Other Threads:
  0x0000000017815000 VMThread [stack: 0x00000000188b0000,0x00000000189b0000] [id=11760]
  0x00000000178ad800 WatcherThread [stack: 0x00000000196a0000,0x00000000197a0000] [id=1944]

VM state:not at safepoint (normal execution)

VM Mutex/Monitor currently owned by a thread: None

Heap:
 PSYoungGen      total 38400K, used 20656K [0x00000000d5f80000, 0x00000000d8a00000, 0x0000000100000000)
  eden space 33280K, 62% used [0x00000000d5f80000,0x00000000d73ac258,0x00000000d8000000)
  from space 5120K, 0% used [0x00000000d8500000,0x00000000d8500000,0x00000000d8a00000)
  to   space 5120K, 0% used [0x00000000d8000000,0x00000000d8000000,0x00000000d8500000)
 ParOldGen       total 87552K, used 0K [0x0000000081e00000, 0x0000000087380000, 0x00000000d5f80000)
  object space 87552K, 0% used [0x0000000081e00000,0x0000000081e00000,0x0000000087380000)
 Metaspace       used 3629K, capacity 5080K, committed 5376K, reserved 1056768K
  class space    used 377K, capacity 456K, committed 512K, reserved 1048576K

Card table byte_map: [0x00000000120f0000,0x00000000124f0000] byte_map_base: 0x0000000011ce1000

Marking Bits: (ParMarkBitMap*) 0x000000005ec29d00
 Begin Bits: [0x0000000012ba0000, 0x0000000014b28000)
 End Bits:   [0x0000000014b28000, 0x0000000016ab0000)

Polling page: 0x0000000001220000

CodeCache: size=245760Kb used=2538Kb max_used=2538Kb free=243221Kb
 bounds [0x0000000002d30000, 0x0000000002fb0000, 0x0000000011d30000]
 total_blobs=653 nmethods=406 adapters=161
 compilation: enabled

Compilation events (10 events):
Event: 0.474 Thread 0x000000001784f800 nmethod 406 0x0000000002f96410 code [0x0000000002f97340, 0x0000000002fa26a8]
Event: 0.474 Thread 0x000000001784f800  407       3       java.util.BitSet::<init> (56 bytes)
Event: 0.475 Thread 0x0000000017848800 nmethod 375 0x0000000002faafd0 code [0x0000000002fab220, 0x0000000002fabd48]
Event: 0.475 Thread 0x0000000017848800  408   !   4       com.android.dx.cf.cst.ConstantPoolParser::parse0 (731 bytes)
Event: 0.475 Thread 0x000000001784f800 nmethod 407 0x0000000002fa9f10 code [0x0000000002faa100, 0x0000000002faab18]
Event: 0.475 Thread 0x000000001784f800  409       3       com.android.dx.cf.direct.DirectClassFile::makeTypeList (47 bytes)
Event: 0.476 Thread 0x000000001784f800 nmethod 409 0x0000000002f8f7d0 code [0x0000000002f8f960, 0x0000000002f8fcb8]
Event: 0.481 Thread 0x000000001784f800  410  s    3       java.io.ByteArrayOutputStream::toByteArray (12 bytes)
Event: 0.481 Thread 0x000000001784f800 nmethod 410 0x0000000002f8db50 code [0x0000000002f8dce0, 0x0000000002f8e208]
Event: 0.482 Thread 0x000000001784f800  411       3       com.android.dx.cf.direct.DirectClassFile::parse0 (920 bytes)

GC Heap History (0 events):
No events

Deoptimization events (2 events):
Event: 0.355 Thread 0x0000000002b2d800 Uncommon trap: reason=unstable_if action=reinterpret pc=0x0000000002ebf988 method=java.lang.String.<init>([CII)V @ 18
Event: 0.395 Thread 0x0000000002b2d800 Uncommon trap: reason=unloaded action=reinterpret pc=0x0000000002f2b1e0 method=com.android.dx.cf.cst.ConstantPoolParser.parse0(ILjava/util/BitSet;)Lcom/android/dx/rop/cst/Constant; @ 220

Internal exceptions (2 events):
Event: 0.037 Thread 0x0000000002b2d800 Exception <a 'java/lang/NoSuchMethodError': Method sun.misc.Unsafe.defineClass(Ljava/lang/String;[BII)Ljava/lang/Class; name or signature does not match> (0x00000000d5f87cc0) thrown at [C:\src\android\AOSP-openjdk\external\jetbrains\jdk\hotspot\src\share\vQ h	¹¢?
Event: 0.037 Thread 0x0000000002b2d800 Exception <a 'java/lang/NoSuchMethodError': Method sun.misc.Unsafe.prefetchRead(Ljava/lang/Object;J)V name or signature does not match> (0x00000000d5f87fa8) thrown at [C:\src\android\AOSP-openjdk\external\jetbrains\jdk\hotspot\src\share\vm\prims\jni.cpp, l

Events (10 events):
Event: 0.441 Thread 0x0000000002b2d800 DEOPT PACKING pc=0x0000000002f3c518 sp=0x0000000002c2e870
Event: 0.441 Thread 0x0000000002b2d800 DEOPT UNPACKING pc=0x0000000002d775bf sp=0x0000000002c2e5e0 mode 0
Event: 0.446 Thread 0x0000000002b2d800 DEOPT PACKING pc=0x0000000002f3c518 sp=0x0000000002c2ebc0
Event: 0.446 Thread 0x0000000002b2d800 DEOPT UNPACKING pc=0x0000000002d775bf sp=0x0000000002c2e930 mode 0
Event: 0.446 Thread 0x0000000002b2d800 DEOPT PACKING pc=0x0000000002f3c518 sp=0x0000000002c2ebc0
Event: 0.446 Thread 0x0000000002b2d800 DEOPT UNPACKING pc=0x0000000002d775bf sp=0x0000000002c2e930 mode 0
Event: 0.450 Thread 0x0000000002b2d800 DEOPT PACKING pc=0x0000000002f3c518 sp=0x0000000002c2ecf0
Event: 0.450 Thread 0x0000000002b2d800 DEOPT UNPACKING pc=0x0000000002d775bf sp=0x0000000002c2ea60 mode 0
Event: 0.459 Thread 0x0000000002b2d800 DEOPT PACKING pc=0x0000000002f3c518 sp=0x0000000002c2ecf0
Event: 0.459 Thread 0x0000000002b2d800 DEOPT UNPACKING pc=0x0000000002d775bf sp=0x0000000002c2ea60 mode 0


Dynamic libraries:
0x00007ff7fb670000 - 0x00007ff7fb6a1000 	C:\Program Files\Android Studio\jre\bin\java.exe
0x00007ff9860c0000 - 0x00007ff986291000 	C:\WINDOWS\SYSTEM32\ntdll.dll
0x00007ff983950000 - 0x00007ff9839fb000 	C:\WINDOWS\System32\KERNEL32.DLL
0x00007ff982620000 - 0x00007ff98283d000 	C:\WINDOWS\System32\KERNELBASE.dll
0x00007ff985520000 - 0x00007ff9855c2000 	C:\WINDOWS\System32\ADVAPI32.dll
0x00007ff9859d0000 - 0x00007ff985a6e000 	C:\WINDOWS\System32\msvcrt.dll
0x00007ff985f00000 - 0x00007ff985f59000 	C:\WINDOWS\System32\sechost.dll
0x00007ff983650000 - 0x00007ff983771000 	C:\WINDOWS\System32\RPCRT4.dll
0x00007ff9837e0000 - 0x00007ff983945000 	C:\WINDOWS\System32\USER32.dll
0x00007ff982aa0000 - 0x00007ff982abe000 	C:\WINDOWS\System32\win32u.dll
0x00007ff9855d0000 - 0x00007ff985604000 	C:\WINDOWS\System32\GDI32.dll
0x00007ff9834c0000 - 0x00007ff983642000 	C:\WINDOWS\System32\gdi32full.dll
0x00007ff9787d0000 - 0x00007ff978a49000 	C:\WINDOWS\WinSxS\amd64_microsoft.windows.common-controls_6595b64144ccf1df_6.0.14393.447_none_42191651c6827bb3\COMCTL32.dll
0x00007ff985a80000 - 0x00007ff985d48000 	C:\WINDOWS\System32\combase.dll
0x00007ff982840000 - 0x00007ff982935000 	C:\WINDOWS\System32\ucrtbase.dll
0x00007ff9825b0000 - 0x00007ff98261a000 	C:\WINDOWS\System32\bcryptPrimitives.dll
0x00007ff9859a0000 - 0x00007ff9859ce000 	C:\WINDOWS\System32\IMM32.DLL
0x000000005e390000 - 0x000000005e462000 	C:\Program Files\Android Studio\jre\jre\bin\msvcr100.dll
0x000000005e470000 - 0x000000005eca4000 	C:\Program Files\Android Studio\jre\jre\bin\server\jvm.dll
0x00007ff985ef0000 - 0x00007ff985ef8000 	C:\WINDOWS\System32\PSAPI.DLL
0x00007ff9755e0000 - 0x00007ff9755e9000 	C:\WINDOWS\SYSTEM32\WSOCK32.dll
0x00007ff97f960000 - 0x00007ff97f983000 	C:\WINDOWS\SYSTEM32\WINMM.dll
0x00007ff985760000 - 0x00007ff9857ca000 	C:\WINDOWS\System32\WS2_32.dll
0x00007ff980a70000 - 0x00007ff980a7a000 	C:\WINDOWS\SYSTEM32\VERSION.dll
0x00007ff97f900000 - 0x00007ff97f92b000 	C:\WINDOWS\SYSTEM32\WINMMBASE.dll
0x00007ff983470000 - 0x00007ff9834b2000 	C:\WINDOWS\System32\cfgmgr32.dll
0x00007ff9823a0000 - 0x00007ff9823af000 	C:\Program Files\Android Studio\jre\jre\bin\verify.dll
0x00007ff97e350000 - 0x00007ff97e379000 	C:\Program Files\Android Studio\jre\jre\bin\java.dll
0x00007ff980df0000 - 0x00007ff980e06000 	C:\Program Files\Android Studio\jre\jre\bin\zip.dll
0x00007ff983be0000 - 0x00007ff9850e9000 	C:\WINDOWS\System32\SHELL32.dll
0x00007ff982cf0000 - 0x00007ff9833ca000 	C:\WINDOWS\System32\windows.storage.dll
0x00007ff982560000 - 0x00007ff9825ac000 	C:\WINDOWS\System32\powrprof.dll
0x00007ff985940000 - 0x00007ff985992000 	C:\WINDOWS\System32\shlwapi.dll
0x00007ff982530000 - 0x00007ff98253f000 	C:\WINDOWS\System32\kernel.appcore.dll
0x00007ff9829f0000 - 0x00007ff982a99000 	C:\WINDOWS\System32\shcore.dll
0x00007ff982540000 - 0x00007ff982554000 	C:\WINDOWS\System32\profapi.dll

VM Arguments:
jvm_args: -Djava.awt.headless=true -Dfile.encoding=windows-1252 -Duser.country=US -Duser.language=en -Duser.variant 
java_command: com.android.multidex.ClassReferenceListBuilder C:\Users\vansh\AndroidStudioProjects\SAVE\app\build\intermediates\multi-dex\debug\componentClasses.jar C:\Users\vansh\AndroidStudioProjects\SAVE\app\build\intermediates\transforms\jarMerging\debug\jars\1\1f\combined.jar
java_class_path (initial): C:\Users\vansh\AppData\Local\Android\Sdk\build-tools\25.0.0\lib\dx.jar
Launcher Type: SUN_STANDARD

Environment Variables:
PATH=C:\Program Files (x86)\NVIDIA Corporation\PhysX\Common;C:\Python27\Lib\site-packages\PyQt4;C:\ProgramData\Oracle\Java\javapath;C:\Python27;C:\Python27\DLLs;C:\Python27\Scripts;C:\Python27\gnuplot\binary;C:\Program Files (x86)\pythonxy\SciTE-3.5.1-4;C:\Program Files (x86)\pythonxy\console;C:\Program Files (x86)\QuickTime\QTSystem\;C:\Program Files (x86)\Common Files\lenovo\easyplussdk\bin;C:\WINDOWS\system32;C:\WINDOWS;C:\WINDOWS\System32\Wbem;C:\WINDOWS\System32\WindowsPowerShell\v1.0\;C:\Program Files\Git\cmd;C:\Program Files (x86)\Skype\Phone\;C:\Program Files (x86)\MySQL\MySQL Fabric 1.5 & MySQL Utilities 1.5\;C:\Program Files (x86)\MySQL\MySQL Fabric 1.5 & MySQL Utilities 1.5\Doctrine extensions for PHP\;C:\Program Files\nodejs\;C:\Program Files\Common Files\Autodesk Shared\;C:\Program Files (x86)\Autodesk\Backburner\;C:\Program Files\Java\jdk1.8.0_65\bin;C:\Users\vansh\AppData\Local\atom\bin;C:\Users\vansh\AppData\Local\Microsoft\WindowsApps;C:\Users\vansh\AppData\Roaming\npm;C:\adb;;C:\adb;C:\Program Files\Java\jdk1.8.0_65\bin;C:\Users\vansh\AppData\Local\atom\bin;C:\Users\vansh\AppData\Local\Microsoft\WindowsApps;C:\Users\vansh\AppData\Roaming\npm;d:\altera\11.1\modelsim_ase\win32aloem
USERNAME=vansh
OS=Windows_NT
PROCESSOR_IDENTIFIER=Intel64 Family 6 Model 58 Stepping 9, GenuineIntel



---------------  S Y S T E M  ---------------

OS: Windows 10.0 , 64 bit Build 14393 (10.0.14393.0)

CPU:total 4 (2 cores per cpu, 2 threads per core) family 6 model 58 stepping 9, cmov, cx8, fxsr, mmx, sse, sse2, sse3, ssse3, sse4.1, sse4.2, popcnt, avx, aes, clmul, erms, ht, tsc, tscinvbit, tscinv

Memory: 4k page, physical 8264984k(579672k free), swap 12164376k(3660k free)

vm_info: OpenJDK 64-Bit Server VM (25.76-b03) for windows-amd64 JRE (1.8.0_76-release-b03), built on Jun 29 2016 19:09:20 by "ralucas" with MS VC++ 10.0 (VS2010)

time: Sun Mar 05 02:29:43 2017
elapsed time: 0 seconds (0d 0h 0m 0s)

